<?xml version="1.0" encoding="UTF-8"?>
<testsuite xmlns:xsi="http://www.w3.org/2001/XMLSchema-instance" xsi:noNamespaceSchemaLocation="https://maven.apache.org/surefire/maven-surefire-plugin/xsd/surefire-test-report.xsd" name="com.demo.AppTest" time="0.033" tests="1" errors="0" skipped="0" failures="0">
  <properties>
    <property name="sun.desktop" value="windows"/>
    <property name="awt.toolkit" value="sun.awt.windows.WToolkit"/>
    <property name="java.specification.version" value="11"/>
    <property name="sun.cpu.isalist" value="amd64"/>
    <property name="sun.jnu.encoding" value="Cp1252"/>
    <property name="java.class.path" value="C:\cgi-tmp\maven-dev\multiweb\app-service\target\test-classes;C:\cgi-tmp\maven-dev\multiweb\app-service\target\classes;c:\cgi-tmp\mvn-repo\junit\junit\4.11\junit-4.11.jar;c:\cgi-tmp\mvn-repo\org\hamcrest\hamcrest-core\1.3\hamcrest-core-1.3.jar;"/>
    <property name="java.vm.vendor" value="Oracle Corporation"/>
    <property name="sun.arch.data.model" value="64"/>
    <property name="user.variant" value=""/>
    <property name="java.vendor.url" value="http://java.oracle.com/"/>
    <property name="user.timezone" value="Asia/Calcutta"/>
    <property name="java.vm.specification.version" value="11"/>
    <property name="os.name" value="Windows 10"/>
    <property name="sun.java.launcher" value="SUN_STANDARD"/>
    <property name="user.country" value="IN"/>
    <property name="sun.boot.library.path" value="C:\opt\jdk-11\bin"/>
    <property name="sun.java.command" value="C:\Users\shantanu\AppData\Local\Temp\surefire16203915903339332443\surefirebooter17941246128484783244.jar C:\Users\shantanu\AppData\Local\Temp\surefire16203915903339332443 2021-07-29T14-50-28_578-jvmRun1 surefire9481915013629729094tmp surefire_015553279840664713350tmp"/>
    <property name="jdk.debug" value="release"/>
    <property name="surefire.test.class.path" value="C:\cgi-tmp\maven-dev\multiweb\app-service\target\test-classes;C:\cgi-tmp\maven-dev\multiweb\app-service\target\classes;c:\cgi-tmp\mvn-repo\junit\junit\4.11\junit-4.11.jar;c:\cgi-tmp\mvn-repo\org\hamcrest\hamcrest-core\1.3\hamcrest-core-1.3.jar;"/>
    <property name="sun.cpu.endian" value="little"/>
    <property name="user.home" value="C:\Users\shantanu"/>
    <property name="user.language" value="en"/>
    <property name="java.specification.vendor" value="Oracle Corporation"/>
    <property name="java.version.date" value="2018-09-25"/>
    <property name="java.home" value="C:\opt\jdk-11"/>
    <property name="file.separator" value="\"/>
    <property name="basedir" value="C:\cgi-tmp\maven-dev\multiweb\app-service"/>
    <property name="java.vm.compressedOopsMode" value="Zero based"/>
    <property name="line.separator" value="&#10;"/>
    <property name="java.specification.name" value="Java Platform API Specification"/>
    <property name="java.vm.specification.vendor" value="Oracle Corporation"/>
    <property name="java.awt.graphicsenv" value="sun.awt.Win32GraphicsEnvironment"/>
    <property name="surefire.real.class.path" value="C:\Users\shantanu\AppData\Local\Temp\surefire16203915903339332443\surefirebooter17941246128484783244.jar"/>
    <property name="user.script" value=""/>
    <property name="sun.management.compiler" value="HotSpot 64-Bit Tiered Compilers"/>
    <property name="java.runtime.version" value="11+28"/>
    <property name="user.name" value="sbtal"/>
    <property name="path.separator" value=";"/>
    <property name="os.version" value="10.0"/>
    <property name="java.runtime.name" value="OpenJDK Runtime Environment"/>
    <property name="file.encoding" value="Cp1252"/>
    <property name="java.vm.name" value="OpenJDK 64-Bit Server VM"/>
    <property name="java.vendor.version" value="18.9"/>
    <property name="localRepository" value="c:\cgi-tmp\mvn-repo"/>
    <property name="java.vendor.url.bug" value="http://bugreport.java.com/bugreport/"/>
    <property name="java.io.tmpdir" value="C:\Users\shantanu\AppData\Local\Temp\"/>
    <property name="java.version" value="11"/>
    <property name="user.dir" value="C:\cgi-tmp\maven-dev\multiweb\app-service"/>
    <property name="os.arch" value="amd64"/>
    <property name="java.vm.specification.name" value="Java Virtual Machine Specification"/>
    <property name="java.awt.printerjob" value="sun.awt.windows.WPrinterJob"/>
    <property name="sun.os.patch.level" value=""/>
    <property name="java.library.path" value="C:\opt\jdk-11\bin;C:\WINDOWS\Sun\Java\bin;C:\WINDOWS\system32;C:\WINDOWS;C:\WINDOWS\system32;C:\WINDOWS;C:\WINDOWS\System32\Wbem;C:\WINDOWS\System32\WindowsPowerShell\v1.0\;C:\WINDOWS\System32\OpenSSH\;C:\Program Files (x86)\AOMEI Backupper;C:\Program Files\Git\cmd;C:\Program Files (x86)\PuTTY\;C:\Program Files\nodejs\;C:\cgi-tmp\apache-maven-3.8.1\bin;C:\opt\jdk-11\bin;C:\Users\shantanu\AppData\Local\Microsoft\WindowsApps;C:\Program Files\MariaDB 10.4\bin;C:\work\sonar-scanner-4.2.0.1873-windows\bin;C:\kubernetes;C:\Users\sbtal\AppData\Local\Programs\Microsoft VS Code\bin;C:\Users\sbtal\AppData\Roaming\npm;C:\Users\shantanu\AppData\Local\GitHubDesktop\bin;."/>
    <property name="java.vendor" value="Oracle Corporation"/>
    <property name="java.vm.info" value="mixed mode"/>
    <property name="java.vm.version" value="11+28"/>
    <property name="sun.io.unicode.encoding" value="UnicodeLittle"/>
    <property name="java.class.version" value="55.0"/>
  </properties>
  <testcase name="testApp" classname="com.demo.AppTest" time="0.002"/>
</testsuite>