<?xml version="1.0" encoding="UTF-8"?>
<testsuite xmlns:xsi="http://www.w3.org/2001/XMLSchema-instance" xsi:noNamespaceSchemaLocation="https://maven.apache.org/surefire/maven-surefire-plugin/xsd/surefire-test-report.xsd" name="com.demo.app.MultiplyTest" time="0.001" tests="1" errors="0" skipped="0" failures="0">
  <properties>
    <property name="sun.desktop" value="windows"/>
    <property name="awt.toolkit" value="sun.awt.windows.WToolkit"/>
    <property name="file.encoding.pkg" value="sun.io"/>
    <property name="java.specification.version" value="1.8"/>
    <property name="sun.cpu.isalist" value="amd64"/>
    <property name="sun.jnu.encoding" value="Cp1252"/>
    <property name="java.class.path" value="C:\Users\shantanu\eclipse-workspace\cobertura-example\target\test-classes;C:\Users\shantanu\eclipse-workspace\cobertura-example\target\generated-classes\cobertura;c:\cgi-tmp\mvn-repo\org\junit\jupiter\junit-jupiter-api\5.7.0\junit-jupiter-api-5.7.0.jar;c:\cgi-tmp\mvn-repo\org\apiguardian\apiguardian-api\1.1.0\apiguardian-api-1.1.0.jar;c:\cgi-tmp\mvn-repo\org\opentest4j\opentest4j\1.2.0\opentest4j-1.2.0.jar;c:\cgi-tmp\mvn-repo\org\junit\platform\junit-platform-commons\1.7.0\junit-platform-commons-1.7.0.jar;c:\cgi-tmp\mvn-repo\org\junit\jupiter\junit-jupiter-engine\5.7.0\junit-jupiter-engine-5.7.0.jar;c:\cgi-tmp\mvn-repo\org\junit\platform\junit-platform-engine\1.7.0\junit-platform-engine-1.7.0.jar;c:\cgi-tmp\mvn-repo\net\sourceforge\cobertura\cobertura\2.1.1\cobertura-2.1.1.jar;c:\cgi-tmp\mvn-repo\jaxen\jaxen\1.1.4\jaxen-1.1.4.jar;c:\cgi-tmp\mvn-repo\org\apache\ant\ant\1.8.3\ant-1.8.3.jar;c:\cgi-tmp\mvn-repo\org\apache\ant\ant-launcher\1.8.3\ant-launcher-1.8.3.jar;c:\cgi-tmp\mvn-repo\org\apache\ant\ant-junit\1.8.3\ant-junit-1.8.3.jar;c:\cgi-tmp\mvn-repo\org\mortbay\jetty\servlet-api-2.5\6.1.14\servlet-api-2.5-6.1.14.jar;c:\cgi-tmp\mvn-repo\org\mortbay\jetty\jetty\6.1.14\jetty-6.1.14.jar;c:\cgi-tmp\mvn-repo\org\mortbay\jetty\jetty-util\6.1.14\jetty-util-6.1.14.jar;C:\opt\Java\jdk1.8.0_221\jre\..\lib\tools.jar;c:\cgi-tmp\mvn-repo\org\slf4j\slf4j-api\1.7.5\slf4j-api-1.7.5.jar;c:\cgi-tmp\mvn-repo\ch\qos\logback\logback-classic\1.0.13\logback-classic-1.0.13.jar;c:\cgi-tmp\mvn-repo\ch\qos\logback\logback-core\1.0.13\logback-core-1.0.13.jar;c:\cgi-tmp\mvn-repo\junit\junit\4.11\junit-4.11.jar;c:\cgi-tmp\mvn-repo\org\hamcrest\hamcrest-core\1.3\hamcrest-core-1.3.jar;c:\cgi-tmp\mvn-repo\org\apache\commons\commons-lang3\3.3.2\commons-lang3-3.3.2.jar;"/>
    <property name="java.vm.vendor" value="Oracle Corporation"/>
    <property name="sun.arch.data.model" value="64"/>
    <property name="user.variant" value=""/>
    <property name="java.vendor.url" value="http://java.oracle.com/"/>
    <property name="user.timezone" value="Asia/Calcutta"/>
    <property name="java.vm.specification.version" value="1.8"/>
    <property name="os.name" value="Windows 10"/>
    <property name="user.country" value="IN"/>
    <property name="sun.java.launcher" value="SUN_STANDARD"/>
    <property name="sun.boot.library.path" value="C:\opt\Java\jdk1.8.0_221\jre\bin"/>
    <property name="sun.java.command" value="C:\Users\shantanu\AppData\Local\Temp\surefire8316932306221854683\surefirebooter6023018998351127556.jar C:\Users\shantanu\AppData\Local\Temp\surefire8316932306221854683 2021-07-30T16-58-28_035-jvmRun1 surefire7696517007066480736tmp surefire_02819200902182091308tmp"/>
    <property name="surefire.test.class.path" value="C:\Users\shantanu\eclipse-workspace\cobertura-example\target\test-classes;C:\Users\shantanu\eclipse-workspace\cobertura-example\target\generated-classes\cobertura;c:\cgi-tmp\mvn-repo\org\junit\jupiter\junit-jupiter-api\5.7.0\junit-jupiter-api-5.7.0.jar;c:\cgi-tmp\mvn-repo\org\apiguardian\apiguardian-api\1.1.0\apiguardian-api-1.1.0.jar;c:\cgi-tmp\mvn-repo\org\opentest4j\opentest4j\1.2.0\opentest4j-1.2.0.jar;c:\cgi-tmp\mvn-repo\org\junit\platform\junit-platform-commons\1.7.0\junit-platform-commons-1.7.0.jar;c:\cgi-tmp\mvn-repo\org\junit\jupiter\junit-jupiter-engine\5.7.0\junit-jupiter-engine-5.7.0.jar;c:\cgi-tmp\mvn-repo\org\junit\platform\junit-platform-engine\1.7.0\junit-platform-engine-1.7.0.jar;c:\cgi-tmp\mvn-repo\net\sourceforge\cobertura\cobertura\2.1.1\cobertura-2.1.1.jar;c:\cgi-tmp\mvn-repo\jaxen\jaxen\1.1.4\jaxen-1.1.4.jar;c:\cgi-tmp\mvn-repo\org\apache\ant\ant\1.8.3\ant-1.8.3.jar;c:\cgi-tmp\mvn-repo\org\apache\ant\ant-launcher\1.8.3\ant-launcher-1.8.3.jar;c:\cgi-tmp\mvn-repo\org\apache\ant\ant-junit\1.8.3\ant-junit-1.8.3.jar;c:\cgi-tmp\mvn-repo\org\mortbay\jetty\servlet-api-2.5\6.1.14\servlet-api-2.5-6.1.14.jar;c:\cgi-tmp\mvn-repo\org\mortbay\jetty\jetty\6.1.14\jetty-6.1.14.jar;c:\cgi-tmp\mvn-repo\org\mortbay\jetty\jetty-util\6.1.14\jetty-util-6.1.14.jar;C:\opt\Java\jdk1.8.0_221\jre\..\lib\tools.jar;c:\cgi-tmp\mvn-repo\org\slf4j\slf4j-api\1.7.5\slf4j-api-1.7.5.jar;c:\cgi-tmp\mvn-repo\ch\qos\logback\logback-classic\1.0.13\logback-classic-1.0.13.jar;c:\cgi-tmp\mvn-repo\ch\qos\logback\logback-core\1.0.13\logback-core-1.0.13.jar;c:\cgi-tmp\mvn-repo\junit\junit\4.11\junit-4.11.jar;c:\cgi-tmp\mvn-repo\org\hamcrest\hamcrest-core\1.3\hamcrest-core-1.3.jar;c:\cgi-tmp\mvn-repo\org\apache\commons\commons-lang3\3.3.2\commons-lang3-3.3.2.jar;"/>
    <property name="sun.cpu.endian" value="little"/>
    <property name="user.home" value="C:\Users\shantanu"/>
    <property name="user.language" value="en"/>
    <property name="java.specification.vendor" value="Oracle Corporation"/>
    <property name="java.home" value="C:\opt\Java\jdk1.8.0_221\jre"/>
    <property name="basedir" value="C:\Users\shantanu\eclipse-workspace\cobertura-example"/>
    <property name="file.separator" value="\"/>
    <property name="line.separator" value="&#10;"/>
    <property name="java.vm.specification.vendor" value="Oracle Corporation"/>
    <property name="java.specification.name" value="Java Platform API Specification"/>
    <property name="java.awt.graphicsenv" value="sun.awt.Win32GraphicsEnvironment"/>
    <property name="surefire.real.class.path" value="C:\Users\shantanu\AppData\Local\Temp\surefire8316932306221854683\surefirebooter6023018998351127556.jar"/>
    <property name="sun.boot.class.path" value="C:\opt\Java\jdk1.8.0_221\jre\lib\resources.jar;C:\opt\Java\jdk1.8.0_221\jre\lib\rt.jar;C:\opt\Java\jdk1.8.0_221\jre\lib\sunrsasign.jar;C:\opt\Java\jdk1.8.0_221\jre\lib\jsse.jar;C:\opt\Java\jdk1.8.0_221\jre\lib\jce.jar;C:\opt\Java\jdk1.8.0_221\jre\lib\charsets.jar;C:\opt\Java\jdk1.8.0_221\jre\lib\jfr.jar;C:\opt\Java\jdk1.8.0_221\jre\classes"/>
    <property name="user.script" value=""/>
    <property name="sun.management.compiler" value="HotSpot 64-Bit Tiered Compilers"/>
    <property name="java.runtime.version" value="1.8.0_221-b11"/>
    <property name="user.name" value="sbtal"/>
    <property name="path.separator" value=";"/>
    <property name="os.version" value="10.0"/>
    <property name="java.endorsed.dirs" value="C:\opt\Java\jdk1.8.0_221\jre\lib\endorsed"/>
    <property name="java.runtime.name" value="Java(TM) SE Runtime Environment"/>
    <property name="file.encoding" value="Cp1252"/>
    <property name="java.vm.name" value="Java HotSpot(TM) 64-Bit Server VM"/>
    <property name="localRepository" value="c:\cgi-tmp\mvn-repo"/>
    <property name="java.vendor.url.bug" value="http://bugreport.sun.com/bugreport/"/>
    <property name="java.io.tmpdir" value="C:\Users\shantanu\AppData\Local\Temp\"/>
    <property name="java.version" value="1.8.0_221"/>
    <property name="user.dir" value="C:\Users\shantanu\eclipse-workspace\cobertura-example"/>
    <property name="os.arch" value="amd64"/>
    <property name="java.vm.specification.name" value="Java Virtual Machine Specification"/>
    <property name="java.awt.printerjob" value="sun.awt.windows.WPrinterJob"/>
    <property name="sun.os.patch.level" value=""/>
    <property name="java.library.path" value="C:\opt\Java\jdk1.8.0_221\jre\bin;C:\WINDOWS\Sun\Java\bin;C:\WINDOWS\system32;C:\WINDOWS;C:/cgi-tmp/eclipse//plugins/org.eclipse.justj.openjdk.hotspot.jre.full.win32.x86_64_16.0.1.v20210528-1205/jre/bin/server;C:/cgi-tmp/eclipse//plugins/org.eclipse.justj.openjdk.hotspot.jre.full.win32.x86_64_16.0.1.v20210528-1205/jre/bin;C:\WINDOWS\system32;C:\WINDOWS;C:\WINDOWS\System32\Wbem;C:\WINDOWS\System32\WindowsPowerShell\v1.0\;C:\WINDOWS\System32\OpenSSH\;C:\Program Files (x86)\AOMEI Backupper;C:\Program Files\Git\cmd;C:\Program Files (x86)\PuTTY\;C:\Program Files\nodejs\;C:\cgi-tmp\apache-maven-3.8.1\bin;C:\opt\jdk-11\bin;C:\Users\shantanu\AppData\Local\Microsoft\WindowsApps;C:\Program Files\MariaDB 10.4\bin;C:\work\sonar-scanner-4.2.0.1873-windows\bin;C:\kubernetes;C:\Users\sbtal\AppData\Local\Programs\Microsoft VS Code\bin;C:\Users\sbtal\AppData\Roaming\npm;C:\Users\shantanu\AppData\Local\GitHubDesktop\bin;;C:\cgi-tmp\eclipse;;."/>
    <property name="java.vm.info" value="mixed mode"/>
    <property name="java.vendor" value="Oracle Corporation"/>
    <property name="java.vm.version" value="25.221-b11"/>
    <property name="java.ext.dirs" value="C:\opt\Java\jdk1.8.0_221\jre\lib\ext;C:\WINDOWS\Sun\Java\lib\ext"/>
    <property name="sun.io.unicode.encoding" value="UnicodeLittle"/>
    <property name="java.class.version" value="52.0"/>
  </properties>
  <testcase name="testMultiply" classname="com.demo.app.MultiplyTest" time="0"/>
</testsuite>